<?xml version="1.0" encoding="UTF-8"?>
<robot generator="Robot 7.3.2 (Python 3.13.5 on darwin)" generated="2025-11-09T16:41:33.403136" rpa="false" schemaversion="5">
<suite id="s1" name="Reset Counter" source="/Users/laura/opiskelu/ohtu/ohtu_palautukset/viikko3/hello-robot/src/tests/reset_counter.robot">
<test id="s1-t1" name="Reset Counter After One Increment" line="5">
<kw name="Counter Value Should Be" owner="CounterLibrary">
<arg>0</arg>
<status status="PASS" start="2025-11-09T16:41:33.411025" elapsed="0.000061"/>
</kw>
<kw name="Increase Counter" owner="CounterLibrary">
<status status="PASS" start="2025-11-09T16:41:33.411146" elapsed="0.000033"/>
</kw>
<kw name="Counter Value Should Be" owner="CounterLibrary">
<arg>1</arg>
<status status="PASS" start="2025-11-09T16:41:33.411217" elapsed="0.000030"/>
</kw>
<kw name="Reset Counter" owner="CounterLibrary">
<status status="PASS" start="2025-11-09T16:41:33.411281" elapsed="0.000022"/>
</kw>
<kw name="Counter Value Should Be" owner="CounterLibrary">
<arg>0</arg>
<status status="PASS" start="2025-11-09T16:41:33.411331" elapsed="0.000025"/>
</kw>
<status status="PASS" start="2025-11-09T16:41:33.410776" elapsed="0.000620"/>
</test>
<test id="s1-t2" name="Reset Counter After Several Increments" line="12">
<kw name="Counter Value Should Be" owner="CounterLibrary">
<arg>0</arg>
<status status="PASS" start="2025-11-09T16:41:33.411545" elapsed="0.000030"/>
</kw>
<kw name="Increment Counter By" owner="CounterLibrary">
<arg>5</arg>
<status status="PASS" start="2025-11-09T16:41:33.411605" elapsed="0.000023"/>
</kw>
<kw name="Counter Value Should Be" owner="CounterLibrary">
<arg>5</arg>
<status status="PASS" start="2025-11-09T16:41:33.411655" elapsed="0.000022"/>
</kw>
<kw name="Reset Counter" owner="CounterLibrary">
<status status="PASS" start="2025-11-09T16:41:33.411703" elapsed="0.000022"/>
</kw>
<kw name="Counter Value Should Be" owner="CounterLibrary">
<arg>0</arg>
<status status="PASS" start="2025-11-09T16:41:33.411750" elapsed="0.000021"/>
</kw>
<status status="PASS" start="2025-11-09T16:41:33.411456" elapsed="0.000347"/>
</test>
<status status="PASS" start="2025-11-09T16:41:33.403570" elapsed="0.008347"/>
</suite>
<statistics>
<total>
<stat pass="2" fail="0" skip="0">All Tests</stat>
</total>
<tag>
</tag>
<suite>
<stat name="Reset Counter" id="s1" pass="2" fail="0" skip="0">Reset Counter</stat>
</suite>
</statistics>
<errors>
</errors>
</robot>
